2023-05-10 11:46:27,250 32: Start.
2023-05-10 11:46:27,309 35: Read csv
2023-05-10 11:46:27,677 39: removed special characters and digits from text
2023-05-10 11:46:27,706 43: converted text to lowercase
2023-05-10 11:46:27,706 45: 0    karachi: the sindh government has decided to b...
1    hong kong: asian markets started 2015 on an up...
2    hong kong:  hong kong shares opened 0.66 perce...
3    hong kong: asian markets tumbled tuesday follo...
4    new york: us oil prices monday slipped below $...
Name: text_processed, dtype: object
2023-05-10 11:46:27,706 47: (2692, 5)
2023-05-10 11:46:33,136 52: lematization and tokenization doone
2023-05-10 11:46:33,459 66: applied TfIdf vectorizer
2023-05-10 11:46:34,291 71: applied lda 
2023-05-10 11:46:34,291 73:  Document 0:
2023-05-10 11:46:34,291 76: ----------------------------------------------------
2023-05-10 11:46:34,291 78: topic 0 1.958207 %
2023-05-10 11:46:34,291 76: ----------------------------------------------------
2023-05-10 11:46:34,291 78: topic 1 51.228803 %
2023-05-10 11:46:34,291 76: ----------------------------------------------------
2023-05-10 11:46:34,291 78: topic 2 1.958074 %
2023-05-10 11:46:34,291 76: ----------------------------------------------------
2023-05-10 11:46:34,291 78: topic 3 33.104820 %
2023-05-10 11:46:34,291 76: ----------------------------------------------------
2023-05-10 11:46:34,291 78: topic 4 1.958114 %
2023-05-10 11:46:34,291 76: ----------------------------------------------------
2023-05-10 11:46:34,291 78: topic 5 1.958096 %
2023-05-10 11:46:34,291 76: ----------------------------------------------------
2023-05-10 11:46:34,291 78: topic 6 1.959506 %
2023-05-10 11:46:34,291 76: ----------------------------------------------------
2023-05-10 11:46:34,291 78: topic 7 1.958151 %
2023-05-10 11:46:34,291 76: ----------------------------------------------------
2023-05-10 11:46:34,291 78: topic 8 1.958159 %
2023-05-10 11:46:34,291 76: ----------------------------------------------------
2023-05-10 11:46:34,291 78: topic 9 1.958072 %
2023-05-10 11:46:34,291 83: ----------------------------------------------------
2023-05-10 11:46:34,291 88: topics 0
2023-05-10 11:46:34,291 91: power
2023-05-10 11:46:34,291 91: electric
2023-05-10 11:46:34,291 91: unit
2023-05-10 11:46:34,291 91: regulatory
2023-05-10 11:46:34,291 91: fuel
2023-05-10 11:46:34,291 91: electricity
2023-05-10 11:46:34,291 91: approved
2023-05-10 11:46:34,291 91: authority
2023-05-10 11:46:34,291 91: month
2023-05-10 11:46:34,291 91: bank
2023-05-10 11:46:34,291 83: ----------------------------------------------------
2023-05-10 11:46:34,291 88: topics 1
2023-05-10 11:46:34,291 91: pakistan
2023-05-10 11:46:34,291 91: team
2023-05-10 11:46:34,291 91: project
2023-05-10 11:46:34,291 91: road
2023-05-10 11:46:34,291 91: year
2023-05-10 11:46:34,291 91: country
2023-05-10 11:46:34,291 91: strong
2023-05-10 11:46:34,291 91: cricket
2023-05-10 11:46:34,291 91: world
2023-05-10 11:46:34,291 91: china
2023-05-10 11:46:34,291 83: ----------------------------------------------------
2023-05-10 11:46:34,291 88: topics 2
2023-05-10 11:46:34,291 91: crude
2023-05-10 11:46:34,291 91: price
2023-05-10 11:46:34,291 91: barrel
2023-05-10 11:46:34,291 91: electric
2023-05-10 11:46:34,291 91: bank
2023-05-10 11:46:34,291 91: brent
2023-05-10 11:46:34,291 91: regulatory
2023-05-10 11:46:34,291 91: market
2023-05-10 11:46:34,291 91: york
2023-05-10 11:46:34,291 91: authority
2023-05-10 11:46:34,291 83: ----------------------------------------------------
2023-05-10 11:46:34,291 88: topics 3
2023-05-10 11:46:34,291 91: percent
2023-05-10 11:46:34,291 91: vehicle
2023-05-10 11:46:34,291 91: market
2023-05-10 11:46:34,291 91: bank
2023-05-10 11:46:34,291 91: price
2023-05-10 11:46:34,291 91: year
2023-05-10 11:46:34,291 91: million
2023-05-10 11:46:34,291 91: opec
2023-05-10 11:46:34,291 91: company
2023-05-10 11:46:34,291 91: crude
2023-05-10 11:46:34,291 83: ----------------------------------------------------
2023-05-10 11:46:34,291 88: topics 4
2023-05-10 11:46:34,291 91: mobile
2023-05-10 11:46:34,291 91: remain
2023-05-10 11:46:34,291 91: crude
2023-05-10 11:46:34,291 91: service
2023-05-10 11:46:34,291 91: company
2023-05-10 11:46:34,291 91: karachi
2023-05-10 11:46:34,291 91: bairstow
2023-05-10 11:46:34,291 91: week
2023-05-10 11:46:34,291 91: wednesday
2023-05-10 11:46:34,291 91: price
2023-05-10 11:46:34,291 83: ----------------------------------------------------
2023-05-10 11:46:34,291 88: topics 5
2023-05-10 11:46:34,291 91: percent
2023-05-10 11:46:34,291 91: title
2023-05-10 11:46:34,291 91: operation
2023-05-10 11:46:34,291 91: pakistan
2023-05-10 11:46:34,291 91: finance
2023-05-10 11:46:34,291 91: minister
2023-05-10 11:46:34,291 91: july
2023-05-10 11:46:34,291 91: meeting
2023-05-10 11:46:34,291 91: islamabad
2023-05-10 11:46:34,291 91: government
2023-05-10 11:46:34,291 83: ----------------------------------------------------
2023-05-10 11:46:34,291 88: topics 6
2023-05-10 11:46:34,291 91: price
2023-05-10 11:46:34,291 91: litre
2023-05-10 11:46:34,291 91: diesel
2023-05-10 11:46:34,291 91: petrol
2023-05-10 11:46:34,291 91: petroleum
2023-05-10 11:46:34,291 91: product
2023-05-10 11:46:34,291 91: regulatory
2023-05-10 11:46:34,291 91: increase
2023-05-10 11:46:34,291 91: authority
2023-05-10 11:46:34,291 91: islamabad
2023-05-10 11:46:34,291 83: ----------------------------------------------------
2023-05-10 11:46:34,291 88: topics 7
2023-05-10 11:46:34,291 91: test
2023-05-10 11:46:34,291 91: wicket
2023-05-10 11:46:34,291 91: england
2023-05-10 11:46:34,291 91: ball
2023-05-10 11:46:34,291 91: match
2023-05-10 11:46:34,291 91: run
2023-05-10 11:46:34,291 91: lanka
2023-05-10 11:46:34,291 91: second
2023-05-10 11:46:34,307 91: australia
2023-05-10 11:46:34,307 91: captain
2023-05-10 11:46:34,307 83: ----------------------------------------------------
2023-05-10 11:46:34,307 88: topics 8
2023-05-10 11:46:34,307 91: amir
2023-05-10 11:46:34,307 91: mohammad
2023-05-10 11:46:34,307 91: pakistan
2023-05-10 11:46:34,307 91: afridi
2023-05-10 11:46:34,307 91: misbah
2023-05-10 11:46:34,307 91: ahmed
2023-05-10 11:46:34,307 91: hafeez
2023-05-10 11:46:34,307 91: wahab
2023-05-10 11:46:34,307 91: captain
2023-05-10 11:46:34,307 91: azhar
2023-05-10 11:46:34,307 83: ----------------------------------------------------
2023-05-10 11:46:34,307 88: topics 9
2023-05-10 11:46:34,307 91: sharapova
2023-05-10 11:46:34,307 91: slam
2023-05-10 11:46:34,307 91: grand
2023-05-10 11:46:34,307 91: djokovic
2023-05-10 11:46:34,307 91: athlete
2023-05-10 11:46:34,307 91: murray
2023-05-10 11:46:34,307 91: champion
2023-05-10 11:46:34,307 91: title
2023-05-10 11:46:34,307 91: tennis
2023-05-10 11:46:34,307 91: seed
